0 verbose cli /usr/local/bin/node /usr/local/bin/npm
1 info using npm@11.6.4
2 info using node@v20.19.6
3 silly config load:file:/usr/local/lib/node_modules/npm/npmrc
4 silly config load:file:/home/container/.npmrc
5 silly config load:file:/usr/local/etc/npmrc
6 verbose title npm install
7 verbose argv "install"
8 verbose logfile logs-max:10 dir:/home/container/.npm/_logs/2025-12-01T21_52_42_344Z-
9 verbose logfile /home/container/.npm/_logs/2025-12-01T21_52_42_344Z-debug-0.log
10 silly logfile start cleaning logs, removing 1 files
11 silly packumentCache heap:2197815296 maxSize:549453824 maxEntrySize:274726912
12 silly logfile done cleaning log files
13 silly idealTree buildDeps
14 silly reify moves {}
15 silly audit bulk request {
15 silly audit   '@assemblyscript/loader': [ '0.19.23' ],
15 silly audit   '@clinic/bubbleprof': [ '10.0.0' ],
15 silly audit   '@clinic/clinic-common': [ '7.1.0' ],
15 silly audit   '@clinic/doctor': [ '11.0.0' ],
15 silly audit   '@clinic/flame': [ '13.0.0' ],
15 silly audit   '@clinic/heap-profiler': [ '5.0.0' ],
15 silly audit   '@clinic/node-trace-log-join': [ '2.0.0' ],
15 silly audit   '@clinic/trace-events-parser': [ '2.0.0' ],
15 silly audit   '@colors/colors': [ '1.5.0' ],
15 silly audit   '@discordjs/builders': [ '1.13.0' ],
15 silly audit   '@discordjs/collection': [ '1.5.3', '2.1.1' ],
15 silly audit   '@discordjs/formatters': [ '0.6.2' ],
15 silly audit   '@discordjs/rest': [ '2.6.0' ],
15 silly audit   '@discordjs/util': [ '1.2.0' ],
15 silly audit   '@discordjs/voice': [ '0.18.0' ],
15 silly audit   'discord-api-types': [ '0.37.120', '0.38.34' ],
15 silly audit   '@discordjs/ws': [ '1.2.3' ],
15 silly audit   '@nearform/heap-profiler': [ '2.0.0' ],
15 silly audit   '@noble/hashes': [ '1.8.0' ],
15 silly audit   '@paralleldrive/cuid2': [ '2.3.1' ],
15 silly audit   '@sapphire/async-queue': [ '1.5.5' ],
15 silly audit   '@sapphire/shapeshift': [ '4.0.0', '3.9.7' ],
15 silly audit   '@sapphire/snowflake': [ '3.5.3' ],
15 silly audit   '@sindresorhus/is': [ '0.14.0' ],
15 silly audit   '@szmarczak/http-timer': [ '1.1.2' ],
15 silly audit   '@tensorflow/tfjs-backend-cpu': [ '3.21.0' ],
15 silly audit   '@tensorflow/tfjs-core': [ '3.21.0' ],
15 silly audit   long: [ '4.0.0', '5.3.2' ],
15 silly audit   'node-fetch': [ '2.6.13', '2.7.0' ],
15 silly audit   '@types/http-errors': [ '1.8.2' ],
15 silly audit   '@types/long': [ '4.0.2' ],
15 silly audit   '@types/node': [ '24.10.1' ],
15 silly audit   '@types/offscreencanvas': [ '2019.3.0' ],
15 silly audit   '@types/seedrandom': [ '2.4.34' ],
15 silly audit   '@types/webgl-ext': [ '0.0.30' ],
15 silly audit   '@types/ws': [ '8.18.1' ],
15 silly audit   '@vitalets/google-translate-api': [ '9.2.1' ],
15 silly audit   '@vladfrangu/async_event_emitter': [ '2.4.7' ],
15 silly audit   '@webgpu/types': [ '0.1.16' ],
15 silly audit   '0x': [ '5.8.0' ],
15 silly audit   'fs-extra': [ '10.1.0', '11.3.2' ],
15 silly audit   'readable-stream': [ '3.6.2', '2.3.8' ],
15 silly audit   through2: [ '4.0.2', '3.0.2', '2.0.5' ],
15 silly audit   universalify: [ '2.0.1', '0.2.0' ],
15 silly audit   'abort-controller': [ '3.0.0' ],
15 silly audit   acorn: [ '7.4.1' ],
15 silly audit   'acorn-node': [ '1.8.2' ],
15 silly audit   'acorn-walk': [ '7.2.0' ],
15 silly audit   ajv: [ '8.17.1', '6.12.6' ],
15 silly audit   'ajv-formats': [ '2.1.1' ],
15 silly audit   'ansi-align': [ '3.0.1' ],
15 silly audit   'ansi-escapes': [ '3.2.0' ],
15 silly audit   'ansi-regex': [ '5.0.1', '2.1.1', '4.1.1', '3.0.1' ],
15 silly audit   'ansi-styles': [ '4.3.0', '3.2.1', '2.2.1' ],
15 silly audit   'any-shell-escape': [ '0.1.1' ],
15 silly audit   argparse: [ '2.0.1' ],
15 silly audit   'array-flatten': [ '3.0.0' ],
15 silly audit   'array-from': [ '2.1.1' ],
15 silly audit   asap: [ '2.0.6' ],
15 silly audit   asn1: [ '0.2.6' ],
15 silly audit   'asn1.js': [ '4.10.1' ],
15 silly audit   'bn.js': [ '4.12.2', '5.2.2' ],
15 silly audit   assert: [ '1.5.1' ],
15 silly audit   'assert-plus': [ '1.0.0' ],
15 silly audit   inherits: [ '2.0.3', '2.0.4' ],
15 silly audit   util: [ '0.10.4', '0.12.5' ],
15 silly audit   async: [ '3.2.6', '2.6.4' ],
15 silly audit   asynckit: [ '0.4.0' ],
15 silly audit   'atomic-sleep': [ '1.0.0' ],
15 silly audit   atomically: [ '1.7.0' ],
15 silly audit   autocannon: [ '7.15.0' ],
15 silly audit   'cross-argv': [ '2.0.0', '1.0.0' ],
15 silly audit   'available-typed-arrays': [ '1.0.7' ],
15 silly audit   'aws-sign2': [ '0.7.0' ],
15 silly audit   'aws-ssl-profiles': [ '1.1.2' ],
15 silly audit   aws4: [ '1.13.2' ],
15 silly audit   axios: [ '1.13.2' ],
15 silly audit   b4a: [ '1.7.3' ],
15 silly audit   'balanced-match': [ '1.0.2' ],
15 silly audit   'base-64': [ '1.0.0' ],
15 silly audit   'base64-js': [ '1.5.1' ],
15 silly audit   'bcrypt-pbkdf': [ '1.0.2' ],
15 silly audit   'bit-twiddle': [ '1.0.2' ],
15 silly audit   bl: [ '4.1.0' ],
15 silly audit   buffer: [ '5.7.1', '5.2.1' ],
15 silly audit   boxen: [ '5.1.2' ],
15 silly audit   camelcase: [ '6.3.0', '5.3.1' ],
15 silly audit   'wrap-ansi': [ '7.0.0', '5.1.0', '6.2.0' ],
15 silly audit   'brace-expansion': [ '1.1.12' ],
15 silly audit   brfs: [ '2.0.2' ],
15 silly audit   brorand: [ '1.1.0' ],
15 silly audit   'browser-pack': [ '6.1.0' ],
15 silly audit   'browser-process-hrtime': [ '0.1.3' ],
15 silly audit   'browser-resolve': [ '2.0.0' ],
15 silly audit   browserify: [ '17.0.1' ],
15 silly audit   'browserify-aes': [ '1.2.0' ],
15 silly audit   'browserify-cipher': [ '1.0.1' ],
15 silly audit   'browserify-des': [ '1.0.2' ],
15 silly audit   'browserify-rsa': [ '4.1.1' ],
15 silly audit   'browserify-sign': [ '4.2.5' ],
15 silly audit   'browserify-zlib': [ '0.2.0' ],
15 silly audit   'concat-stream': [ '1.6.2', '2.0.0' ],
15 silly audit   punycode: [ '1.4.1', '2.3.1' ],
15 silly audit   'buffer-equal': [ '0.0.1' ],
15 silly audit   'buffer-from': [ '1.1.2' ],
15 silly audit   'buffer-xor': [ '1.0.3' ],
15 silly audit   'builtin-status-codes': [ '3.0.0' ],
15 silly audit   'cacheable-request': [ '6.1.0' ],
15 silly audit   'get-stream': [ '5.2.0', '4.1.0' ],
15 silly audit   'lowercase-keys': [ '2.0.0', '1.0.1' ],
15 silly audit   'cached-path-relative': [ '1.1.0' ],
15 silly audit   'call-bind': [ '1.0.8' ],
15 silly audit   'call-bind-apply-helpers': [ '1.0.2' ],
15 silly audit   'call-bound': [ '1.0.4' ],
15 silly audit   'camel-case': [ '3.0.0' ],
15 silly audit   caseless: [ '0.12.0' ],
15 silly audit   cephes: [ '2.0.0' ],
15 silly audit   chalk: [ '4.1.2', '2.4.2', '1.1.3' ],
15 silly audit   'char-spinner': [ '1.0.1' ],
15 silly audit   chardet: [ '0.7.0' ],
15 silly audit   'ci-info': [ '2.0.0' ],
15 silly audit   'cipher-base': [ '1.0.7' ],
15 silly audit   'cli-boxes': [ '2.2.1' ],
15 silly audit   'cli-cursor': [ '2.1.0', '3.1.0' ],
15 silly audit   'cli-spinners': [ '2.9.2' ],
15 silly audit   'cli-table3': [ '0.6.5' ],
15 silly audit   'cli-width': [ '2.2.1' ],
15 silly audit   clinic: [ '13.0.0' ],
15 silly audit   'clipboard-copy': [ '4.0.1' ],
15 silly audit   cliui: [ '6.0.0', '5.0.0' ],
15 silly audit   clone: [ '1.0.4' ],
15 silly audit   'clone-response': [ '1.0.3' ],
15 silly audit   'code-point-at': [ '1.1.0' ],
15 silly audit   'color-convert': [ '2.0.1', '1.9.3' ],
15 silly audit   'color-name': [ '1.1.4', '1.1.3' ],
15 silly audit   'color-support': [ '1.1.3' ],
15 silly audit   'combine-source-map': [ '0.8.0' ],
15 silly audit   'combined-stream': [ '1.0.8' ],
15 silly audit   commander: [ '12.1.0', '14.0.2', '2.20.3' ],
15 silly audit   commist: [ '1.1.0' ],
15 silly audit   'component-emitter': [ '1.3.1' ],
15 silly audit   'concat-map': [ '0.0.1' ],
15 silly audit   conf: [ '10.2.0' ],
15 silly audit   configstore: [ '5.0.1' ],
15 silly audit   'dot-prop': [ '5.3.0', '6.0.1' ],
15 silly audit   'console-browserify': [ '1.2.0' ],
15 silly audit   'constants-browserify': [ '1.0.0' ],
15 silly audit   'convert-source-map': [ '1.1.3', '1.9.0' ],
15 silly audit   cookiejar: [ '2.1.4' ],
15 silly audit   'copy-to-clipboard': [ '3.3.3' ],
15 silly audit   'core-util-is': [ '1.0.3', '1.0.2' ],
15 silly audit   'create-ecdh': [ '4.0.4' ],
15 silly audit   'create-hash': [ '1.2.0' ],
15 silly audit   'create-hmac': [ '1.1.7' ],
15 silly audit   'cross-spawn': [ '7.0.6' ],
15 silly audit   'crypto-browserify': [ '3.12.1' ],
15 silly audit   'crypto-random-string': [ '2.0.0' ],
15 silly audit   'cwise-compiler': [ '1.1.3' ],
15 silly audit   d: [ '1.0.2' ],
15 silly audit   'd3-array': [ '2.12.1' ],
15 silly audit   'd3-axis': [ '1.0.12' ],
15 silly audit   'd3-color': [ '1.4.1' ],
15 silly audit   'd3-dispatch': [ '1.0.6' ],
15 silly audit   'd3-drag': [ '1.2.5' ],
15 silly audit   'd3-ease': [ '1.0.7' ],
15 silly audit   'd3-fg': [ '6.14.0' ],
15 silly audit   'escape-string-regexp': [ '1.0.5', '4.0.0' ],
15 silly audit   'd3-format': [ '1.4.5' ],
15 silly audit   'd3-hierarchy': [ '1.1.9' ],
15 silly audit   'd3-interpolate': [ '1.4.0' ],
15 silly audit   'd3-path': [ '1.0.9' ],
15 silly audit   'd3-scale': [ '3.3.0' ],
15 silly audit   'd3-time': [ '2.1.1', '1.1.0' ],
15 silly audit   'd3-selection': [ '1.4.2' ],
15 silly audit   'd3-shape': [ '1.3.7' ],
15 silly audit   'd3-time-format': [ '2.3.0' ],
15 silly audit   'd3-timer': [ '1.0.10' ],
15 silly audit   'd3-transition': [ '1.3.2' ],
15 silly audit   'd3-zoom': [ '1.8.3' ],
15 silly audit   dargs: [ '7.0.0' ],
15 silly audit   'dash-ast': [ '2.0.1', '1.0.0' ],
15 silly audit   dashdash: [ '1.14.1' ],
15 silly audit   debounce: [ '1.2.1' ],
15 silly audit   'debounce-fn': [ '4.0.0' ],
15 silly audit   debug: [ '4.4.3' ],
15 silly audit   decamelize: [ '1.2.0' ],
15 silly audit   'decompress-response': [ '3.3.0' ],
15 silly audit   'deep-extend': [ '0.6.0' ],
15 silly audit   'deep-is': [ '0.1.4' ],
15 silly audit   defaults: [ '1.0.4' ],
15 silly audit   'defer-to-connect': [ '1.1.3' ],
15 silly audit   'define-data-property': [ '1.1.4' ],
15 silly audit   'define-properties': [ '1.2.1' ],
15 silly audit   defined: [ '1.0.1' ],
15 silly audit   'delayed-stream': [ '1.0.0' ],
15 silly audit   denque: [ '2.1.0' ],
15 silly audit   depd: [ '2.0.0' ],
15 silly audit   'deps-sort': [ '2.0.1' ],
15 silly audit   'des.js': [ '1.1.0' ],
15 silly audit   detective: [ '5.2.1' ],
15 silly audit   dezalgo: [ '1.0.4' ],
15 silly audit   'diffie-hellman': [ '5.0.3' ],
15 silly audit   dijkstrajs: [ '1.0.3' ],
15 silly audit   'discord-backup': [ '3.4.0' ],
15 silly audit   'discord.js': [ '14.25.1' ],
15 silly audit   distributions: [ '2.2.0' ],
15 silly audit   'domain-browser': [ '1.2.0' ],
15 silly audit   'dunder-proto': [ '1.0.1' ],
15 silly audit   dup: [ '1.0.0' ],
15 silly audit   duplexer2: [ '0.1.4' ],
15 silly audit   duplexer3: [ '0.1.5' ],
15 silly audit   duplexify: [ '4.1.3' ],
15 silly audit   'ecc-jsbn': [ '0.1.2' ],
15 silly audit   elliptic: [ '6.6.1' ],
15 silly audit   'emoji-regex': [ '8.0.0', '7.0.3' ],
15 silly audit   'end-of-stream': [ '1.4.5' ],
15 silly audit   endpoint: [ '0.4.5' ],
15 silly audit   'env-paths': [ '2.2.1' ],
15 silly audit   'env-string': [ '1.0.1' ],
15 silly audit   'es-define-property': [ '1.0.1' ],
15 silly audit   'es-errors': [ '1.3.0' ],
15 silly audit   'es-object-atoms': [ '1.1.1' ],
15 silly audit   'es-set-tostringtag': [ '2.1.0' ],
15 silly audit   'es5-ext': [ '0.10.64' ],
15 silly audit   'es6-iterator': [ '2.0.3' ],
15 silly audit   'es6-map': [ '0.1.5' ],
15 silly audit   'es6-set': [ '0.1.6' ],
15 silly audit   'es6-symbol': [ '3.1.4' ],
15 silly audit   'escape-goat': [ '2.1.1' ],
15 silly audit   escodegen: [ '1.14.3', '2.1.0' ],
15 silly audit   'source-map': [ '0.6.1', '0.5.7' ],
15 silly audit   esniff: [ '2.0.1' ],
15 silly audit   esprima: [ '4.0.1' ],
15 silly audit   estraverse: [ '4.3.0', '5.3.0' ],
15 silly audit   'estree-is-function': [ '1.0.0' ],
15 silly audit   'estree-is-member-expression': [ '1.0.0' ],
15 silly audit   esutils: [ '2.0.3' ],
15 silly audit   'event-emitter': [ '0.3.5' ],
15 silly audit   'event-target-shim': [ '5.0.1' ],
15 silly audit   events: [ '3.3.0' ],
15 silly audit   evp_bytestokey: [ '1.0.3' ],
15 silly audit   execa: [ '4.1.0' ],
15 silly audit   execspawn: [ '1.0.1' ],
15 silly audit   ext: [ '1.7.0' ],
15 silly audit   extend: [ '3.0.2' ],
15 silly audit   'external-editor': [ '3.1.0' ],
15 silly audit   'iconv-lite': [ '0.4.24', '0.7.0' ],
15 silly audit   extsprintf: [ '1.3.0' ],
15 silly audit   'fast-deep-equal': [ '3.1.3' ],
15 silly audit   'fast-json-stable-stringify': [ '2.1.0' ],
15 silly audit   'fast-levenshtein': [ '2.0.6' ],
15 silly audit   'fast-safe-stringify': [ '2.1.1' ],
15 silly audit   'fast-uri': [ '3.1.0' ],
15 silly audit   'fetch-cookie': [ '2.2.0' ],
15 silly audit   figlet: [ '1.9.4' ],
15 silly audit   figures: [ '2.0.0' ],
15 silly audit   'find-process': [ '1.4.11' ],
15 silly audit   'find-up': [ '4.1.0', '3.0.0' ],
15 silly audit   'flame-gradient': [ '1.0.0' ],
15 silly audit   flatstr: [ '1.0.12' ],
15 silly audit   'follow-redirects': [ '1.15.11' ],
15 silly audit   'for-each': [ '0.3.5' ],
15 silly audit   'forever-agent': [ '0.6.1' ],
15 silly audit   'form-data': [ '4.0.5', '2.3.3' ],
15 silly audit   formidable: [ '3.5.4' ],
15 silly audit   from2: [ '2.3.0' ],
15 silly audit   'from2-string': [ '1.1.0' ],
15 silly audit   'fs.realpath': [ '1.0.0' ],
15 silly audit   'function-bind': [ '1.1.2' ],
15 silly audit   'generate-function': [ '2.3.1' ],
15 silly audit   'generate-object-property': [ '1.2.0' ],
15 silly audit   'generator-function': [ '2.0.1' ],
15 silly audit   'get-assigned-identifiers': [ '1.2.0' ],
15 silly audit   'get-caller-file': [ '2.0.5' ],
15 silly audit   'get-intrinsic': [ '1.3.0' ],
15 silly audit   'get-proto': [ '1.0.1' ],
15 silly audit   getpass: [ '0.1.7' ],
15 silly audit   glob: [ '7.2.3' ],
15 silly audit   'global-dirs': [ '3.0.1' ],
15 silly audit   gopd: [ '1.2.0' ],
15 silly audit   got: [ '9.6.0' ],
15 silly audit   'graceful-fs': [ '4.2.11' ],
15 silly audit   'har-schema': [ '2.0.0' ],
15 silly audit   'har-validator': [ '5.1.5' ],
15 silly audit   'json-schema-traverse': [ '0.4.1', '1.0.0' ],
15 silly audit   has: [ '1.0.4' ],
15 silly audit   'has-ansi': [ '2.0.0' ],
15 silly audit   'has-async-hooks': [ '1.0.0' ],
15 silly audit   'has-flag': [ '4.0.0', '3.0.0' ],
15 silly audit   'has-property-descriptors': [ '1.0.2' ],
15 silly audit   'has-symbols': [ '1.1.0' ],
15 silly audit   'has-tostringtag': [ '1.0.2' ],
15 silly audit   'has-unicode': [ '2.0.1' ],
15 silly audit   'has-yarn': [ '2.1.0' ],
15 silly audit   'hash-base': [ '3.0.5', '3.1.2' ],
15 silly audit   'hash.js': [ '1.1.7' ],
15 silly audit   hasown: [ '2.0.2' ],
15 silly audit   'hdr-histogram-js': [ '3.0.1' ],
15 silly audit   'hdr-histogram-percentiles-obj': [ '3.0.0' ],
15 silly audit   'hidden-markov-model-tf': [ '4.0.0' ],
15 silly audit   semver: [ '6.3.1', '7.7.3' ],
15 silly audit   'hmac-drbg': [ '1.0.1' ],
15 silly audit   'hsl-to-rgb-for-reals': [ '1.1.1' ],
15 silly audit   htmlescape: [ '1.1.1' ],
15 silly audit   'http-cache-semantics': [ '4.2.0' ],
15 silly audit   'http-errors': [ '2.0.1' ],
15 silly audit   'http-parser-js': [ '0.5.10' ],
15 silly audit   'http-signature': [ '1.2.0' ],
15 silly audit   'https-browserify': [ '1.0.0' ],
15 silly audit   'human-signals': [ '1.1.1' ],
15 silly audit   hyperid: [ '3.3.0' ],
15 silly audit   'hyperscript-attribute-to-property': [ '1.0.2' ],
15 silly audit   hyperx: [ '2.5.4' ],
15 silly audit   ieee754: [ '1.2.1' ],
15 silly audit   'import-lazy': [ '2.1.0' ],
15 silly audit   imurmurhash: [ '0.1.4' ],
15 silly audit   inflight: [ '1.0.6' ],
15 silly audit   ini: [ '2.0.0', '1.3.8' ],
15 silly audit   'inline-source-map': [ '0.6.3' ],
15 silly audit   inquirer: [ '6.5.2' ],
15 silly audit   'is-fullwidth-code-point': [ '2.0.0', '3.0.0', '1.0.0' ],
15 silly audit   'string-width': [ '2.1.1', '3.1.0', '1.0.2', '4.2.3' ],
15 silly audit   'strip-ansi': [ '4.0.0', '5.2.0', '3.0.1', '6.0.1' ],
15 silly audit   'supports-color': [ '5.5.0', '2.0.0', '7.2.0' ],
15 silly audit   'insert-module-globals': [ '7.2.1' ],
15 silly audit   insight: [ '0.11.1' ],
15 silly audit   internmap: [ '1.0.1' ],
15 silly audit   'iota-array': [ '1.0.0' ],
15 silly audit   'is-any-array': [ '2.0.1' ],
15 silly audit   'is-arguments': [ '1.2.0' ],
15 silly audit   'is-boolean-attribute': [ '0.0.1' ],
15 silly audit   'is-buffer': [ '1.1.6', '2.0.5' ],
15 silly audit   'is-callable': [ '1.2.7' ],
15 silly audit   'is-ci': [ '2.0.0' ],
15 silly audit   'is-core-module': [ '2.16.1' ],
15 silly audit   'is-docker': [ '2.2.1' ],
15 silly audit   'is-generator-function': [ '1.1.2' ],
15 silly audit   'is-installed-globally': [ '0.4.0' ],
15 silly audit   'is-interactive': [ '1.0.0' ],
15 silly audit   'is-npm': [ '5.0.0' ],
15 silly audit   'is-obj': [ '2.0.0' ],
15 silly audit   'is-path-inside': [ '3.0.3' ],
15 silly audit   'is-property': [ '1.0.2' ],
15 silly audit   'is-regex': [ '1.2.1' ],
15 silly audit   'is-stream': [ '2.0.1' ],
15 silly audit   'is-typed-array': [ '1.1.15' ],
15 silly audit   'is-typedarray': [ '1.0.0' ],
15 silly audit   'is-unicode-supported': [ '0.1.0' ],
15 silly audit   'is-wsl': [ '2.2.0', '1.1.0' ],
15 silly audit   'is-yarn-global': [ '0.3.0' ],
15 silly audit   isarray: [ '1.0.0', '2.0.5' ],
15 silly audit   isexe: [ '2.0.0' ],
15 silly audit   isstream: [ '0.1.2' ],
15 silly audit   'js-tokens': [ '4.0.0' ],
15 silly audit   'js-yaml': [ '4.1.1' ],
15 silly audit   jsbn: [ '0.1.1' ],
15 silly audit   'json-buffer': [ '3.0.0' ],
15 silly audit   'json-schema': [ '0.4.0' ],
15 silly audit   'json-schema-typed': [ '7.0.3' ],
15 silly audit   'json-stringify-safe': [ '5.0.1' ],
15 silly audit   jsonfile: [ '6.2.0' ],
15 silly audit   jsonparse: [ '1.3.1' ],
15 silly audit   JSONStream: [ '1.3.5' ],
15 silly audit   jsonstream2: [ '3.0.0' ],
15 silly audit   jsprim: [ '1.4.2' ],
15 silly audit   keyv: [ '3.1.0' ],
15 silly audit   'labeled-stream-splicer': [ '2.0.2' ],
15 silly audit   'latest-version': [ '5.1.0' ],
15 silly audit   leven: [ '2.1.0' ],
15 silly audit   levn: [ '0.3.0' ],
15 silly audit   'locate-path': [ '5.0.0', '3.0.0' ],
15 silly audit   lodash: [ '4.17.21' ],
15 silly audit   'lodash.chunk': [ '4.2.0' ],
15 silly audit   'lodash.clonedeep': [ '4.5.0' ],
15 silly audit   'lodash.debounce': [ '4.0.8' ],
15 silly audit   'lodash.flatten': [ '4.4.0' ],
15 silly audit   'lodash.memoize': [ '3.0.4' ],
15 silly audit   'lodash.snakecase': [ '4.1.1' ],
15 silly audit   'log-symbols': [ '4.1.0' ],
15 silly audit   loglevel: [ '1.9.2' ],
15 silly audit   'loose-envify': [ '1.4.0' ],
15 silly audit   'lower-case': [ '1.1.4' ],
15 silly audit   'lru-cache': [ '7.18.3' ],
15 silly audit   'lru.min': [ '1.1.3' ],
15 silly audit   'macos-release': [ '2.5.1' ],
15 silly audit   'magic-bytes.js': [ '1.12.1' ],
15 silly audit   'magic-string': [ '0.25.1', '0.23.2' ],
15 silly audit   'make-dir': [ '3.1.0' ],
15 silly audit   'manage-path': [ '2.0.0' ],
15 silly audit   'math-intrinsics': [ '1.1.0' ],
15 silly audit   'md5.js': [ '1.3.5' ],
15 silly audit   'merge-source-map': [ '1.0.4' ],
15 silly audit   'merge-stream': [ '2.0.0' ],
15 silly audit   methods: [ '1.1.2' ],
15 silly audit   'miller-rabin': [ '4.0.1' ],
15 silly audit   mime: [ '2.6.0' ],
15 silly audit   'mime-db': [ '1.52.0' ],
15 silly audit   'mime-types': [ '2.1.35' ],
15 silly audit   'mimic-fn': [ '3.1.0', '2.1.0', '1.2.0' ],
15 silly audit   'mimic-response': [ '1.0.1' ],
15 silly audit   'minify-stream': [ '2.1.0' ],
15 silly audit   'minimalistic-assert': [ '1.0.1' ],
15 silly audit   'minimalistic-crypto-utils': [ '1.0.1' ],
15 silly audit   minimatch: [ '3.1.2' ],
15 silly audit   minimist: [ '1.2.8' ],
15 silly audit   mkdirp: [ '1.0.4' ],
15 silly audit   'mkdirp-classic': [ '0.5.3' ],
15 silly audit   'ml-array-max': [ '1.2.4' ],
15 silly audit   'ml-array-min': [ '1.2.3' ],
15 silly audit   'ml-array-rescale': [ '1.3.7' ],
15 silly audit   'ml-distance-euclidean': [ '2.0.0' ],
15 silly audit   'ml-kmeans': [ '4.2.1' ],
15 silly audit   'ml-matrix': [ '5.3.0' ],
15 silly audit   'ml-nearest-vector': [ '2.0.1' ],
15 silly audit   'ml-random': [ '0.5.0' ],
15 silly audit   'ml-xsadd': [ '2.0.0' ],
15 silly audit   'module-deps': [ '6.2.3' ],
15 silly audit   morphdom: [ '2.7.7' ],
15 silly audit   ms: [ '2.1.3' ],
15 silly audit   multistream: [ '2.1.1' ],
15 silly audit   'mute-stream': [ '0.0.7' ],
15 silly audit   mutexify: [ '1.4.0' ],
15 silly audit   mysql2: [ '3.15.3' ],
15 silly audit   'named-placeholders': [ '1.1.3' ],
15 silly audit   nanoassert: [ '1.1.0' ],
15 silly audit   nanobench: [ '2.1.1' ],
15 silly audit   nanohtml: [ '1.10.0' ],
15 silly audit   nanoid: [ '3.3.11' ],
15 silly audit   ndarray: [ '1.0.19' ],
15 silly audit   'ndarray-blas-level1': [ '1.1.3' ],
15 silly audit   'ndarray-cholesky-factorization': [ '1.0.2' ],
15 silly audit   'ndarray-crout-decomposition': [ '1.1.0' ],
15 silly audit   'ndarray-determinant': [ '1.0.0' ],
15 silly audit   'ndarray-diagonal': [ '1.0.0' ],
15 silly audit   'ndarray-inv': [ '0.2.0' ],
15 silly audit   'ndarray-ops': [ '1.2.2' ],
15 silly audit   'ndarray-scratch': [ '1.2.0' ],
15 silly audit   'next-tick': [ '1.1.0' ],
15 silly audit   'no-case': [ '2.3.2' ],
15 silly audit   'normalize-html-whitespace': [ '0.2.0' ],
15 silly audit   'normalize-url': [ '4.5.1' ],
15 silly audit   'npm-run-path': [ '4.0.1' ],
15 silly audit   'number-is-nan': [ '1.0.1' ],
15 silly audit   'oauth-sign': [ '0.9.0' ],
15 silly audit   'object-inspect': [ '1.13.4' ],
15 silly audit   'object-keys': [ '1.1.1' ],
15 silly audit   'object.assign': [ '4.1.7' ],
15 silly audit   'on-net-listen': [ '1.1.2' ],
15 silly audit   once: [ '1.4.0' ],
15 silly audit   onetime: [ '5.1.2', '2.0.1' ],
15 silly audit   open: [ '7.4.2' ],
15 silly audit   opn: [ '5.5.0' ],
15 silly audit   optionator: [ '0.8.3' ],
15 silly audit   ora: [ '5.4.1' ],
15 silly audit   'restore-cursor': [ '3.1.0', '2.0.0' ],
15 silly audit   'os-browserify': [ '0.3.0' ],
15 silly audit   'os-name': [ '4.0.1' ],
15 silly audit   'os-tmpdir': [ '1.0.2' ],
15 silly audit   'p-cancelable': [ '1.1.0' ],
15 silly audit   'p-limit': [ '2.3.0' ],
15 silly audit   'p-locate': [ '4.1.0', '3.0.0' ],
15 silly audit   'p-try': [ '2.2.0' ],
15 silly audit   'package-json': [ '6.5.0' ],
15 silly audit   pako: [ '1.0.11' ],
15 silly audit   parents: [ '1.0.1' ],
15 silly audit   'parse-asn1': [ '5.1.9' ],
15 silly audit   'path-browserify': [ '1.0.1' ],
15 silly audit   'path-exists': [ '4.0.0', '3.0.0' ],
15 silly audit   'path-is-absolute': [ '1.0.1' ],
15 silly audit   'path-key': [ '3.1.1' ],
15 silly audit   'path-parse': [ '1.0.7' ],
15 silly audit   'path-platform': [ '0.11.15' ],
15 silly audit   pbkdf2: [ '3.1.5' ],
15 silly audit   'performance-now': [ '2.1.0' ],
15 silly audit   picocolors: [ '1.1.1' ],
15 silly audit   pify: [ '2.3.0' ],
15 silly audit   'pkg-up': [ '3.1.0' ],
15 silly audit   pngjs: [ '5.0.0' ],
15 silly audit   'possible-typed-array-names': [ '1.1.0' ],
15 silly audit   postcss: [ '8.5.6' ],
15 silly audit   'postcss-import': [ '13.0.0' ],
15 silly audit   'postcss-value-parser': [ '4.2.0' ],
15 silly audit   'prelude-ls': [ '1.1.2' ],
15 silly audit   'prepend-http': [ '2.0.0' ],
15 silly audit   'pretty-bytes': [ '5.6.0' ],
15 silly audit   'pretty-hrtime': [ '1.0.3' ],
15 silly audit   'prism-media': [ '1.3.5' ],
15 silly audit   process: [ '0.11.10' ],
15 silly audit   'process-nextick-args': [ '2.0.1' ],
15 silly audit   progress: [ '2.0.3' ],
15 silly audit   'protocol-buffers': [ '4.2.0' ],
15 silly audit   'protocol-buffers-encodings': [ '1.2.0' ],
15 silly audit   varint: [ '5.0.0', '5.0.2' ],
15 silly audit   'protocol-buffers-schema': [ '3.6.0' ],
15 silly audit   'proxy-from-env': [ '1.1.0' ],
15 silly audit   psl: [ '1.15.0' ],
15 silly audit   'public-encrypt': [ '4.0.3' ],
15 silly audit   pump: [ '3.0.3' ],
15 silly audit   pumpify: [ '2.0.1' ],
15 silly audit   pupa: [ '2.1.1' ],
15 silly audit   qrcode: [ '1.5.4' ],
15 silly audit   qs: [ '6.14.0', '6.5.3' ],
15 silly audit   'querystring-es3': [ '0.2.1' ],
15 silly audit   querystringify: [ '2.2.0' ],
15 silly audit   'queue-tick': [ '1.0.1' ],
15 silly audit   'quote-stream': [ '1.0.2' ],
15 silly audit   randombytes: [ '2.1.0' ],
15 silly audit   randomfill: [ '1.0.4' ],
15 silly audit   rc: [ '1.2.8' ],
15 silly audit   'read-cache': [ '1.0.0' ],
15 silly audit   'read-only-stream': [ '2.0.0' ],
15 silly audit   'safe-buffer': [ '5.1.2', '5.2.1' ],
15 silly audit   string_decoder: [ '1.1.1', '1.3.0' ],
15 silly audit   'registry-auth-token': [ '4.2.2' ],
15 silly audit   'registry-url': [ '5.1.0' ],
15 silly audit   reinterval: [ '1.1.0' ],
15 silly audit   request: [ '2.88.2' ],
15 silly audit   'tough-cookie': [ '2.5.0', '4.1.4' ],
15 silly audit   uuid: [ '3.4.0', '8.3.2' ],
15 silly audit   'require-directory': [ '2.1.1' ],
15 silly audit   'require-from-string': [ '2.0.2' ],
15 silly audit   'require-main-filename': [ '2.0.0' ],
15 silly audit   'requires-port': [ '1.0.0' ],
15 silly audit   resolve: [ '1.22.11' ],
15 silly audit   responselike: [ '1.0.2' ],
15 silly audit   retimer: [ '3.0.0' ],
15 silly audit   rimraf: [ '3.0.2' ],
15 silly audit   ripemd160: [ '2.0.3' ],
15 silly audit   'run-async': [ '2.4.1' ],
15 silly audit   rxjs: [ '6.6.7' ],
15 silly audit   tslib: [ '1.14.1', '2.8.1' ],
15 silly audit   'safe-regex-test': [ '1.1.0' ],
15 silly audit   'safeness-sb-new': [ '0.0.1' ],
15 silly audit   'safer-buffer': [ '2.1.2' ],
15 silly audit   'scope-analyzer': [ '2.1.2' ],
15 silly audit   seedrandom: [ '3.0.5' ],
15 silly audit   'semver-diff': [ '3.1.1' ],
15 silly audit   'seq-queue': [ '0.0.5' ],
15 silly audit   'set-blocking': [ '2.0.0' ],
15 silly audit   'set-cookie-parser': [ '2.7.2' ],
15 silly audit   'set-function-length': [ '1.2.2' ],
15 silly audit   setprototypeof: [ '1.2.0' ],
15 silly audit   'sha.js': [ '2.4.12' ],
15 silly audit   'shallow-copy': [ '0.0.1' ],
15 silly audit   'shasum-object': [ '1.0.1' ],
15 silly audit   'shebang-command': [ '2.0.0' ],
15 silly audit   'shebang-regex': [ '3.0.0' ],
15 silly audit   'shell-quote': [ '1.8.3' ],
15 silly audit   showdown: [ '1.9.1' ],
15 silly audit   yargs: [ '14.2.3', '15.4.1' ],
15 silly audit   'yargs-parser': [ '15.0.3', '18.1.3' ],
15 silly audit   'side-channel': [ '1.1.0' ],
15 silly audit   'side-channel-list': [ '1.0.0' ],
15 silly audit   'side-channel-map': [ '1.0.1' ],
15 silly audit   'side-channel-weakmap': [ '1.0.2' ],
15 silly audit   'signal-exit': [ '3.0.7' ],
15 silly audit   'signed-varint': [ '2.0.1' ],
15 silly audit   'simple-concat': [ '1.0.1' ],
15 silly audit   'single-line-log': [ '1.1.2' ],
15 silly audit   'sinusoidal-decimal': [ '1.0.0' ],
15 silly audit   'sonic-boom': [ '1.4.1' ],
15 silly audit   'source-map-js': [ '1.2.1' ],
15 silly audit   'source-map-support': [ '0.5.21' ],
15 silly audit   'sourcemap-codec': [ '1.4.8' ],
15 silly audit   split2: [ '4.2.0' ],
15 silly audit   sqlstring: [ '2.3.3' ],
15 silly audit   sshpk: [ '1.18.0' ],
15 silly audit   'static-eval': [ '2.1.1' ],
15 silly audit   'static-module': [ '3.0.4' ],
15 silly audit   statuses: [ '2.0.2' ],
15 silly audit   'stream-browserify': [ '3.0.0' ],
15 silly audit   'stream-collector': [ '1.0.1' ],
15 silly audit   'stream-combiner2': [ '1.1.1' ],
15 silly audit   'stream-http': [ '3.2.0' ],
15 silly audit   'stream-shift': [ '1.0.3' ],
15 silly audit   'stream-splicer': [ '2.0.1' ],
15 silly audit   'stream-template': [ '0.0.10' ],
15 silly audit   'streaming-json-stringify': [ '3.1.0' ],
15 silly audit   'strip-final-newline': [ '2.0.0' ],
15 silly audit   'strip-json-comments': [ '2.0.1' ],
15 silly audit   subarg: [ '1.0.0' ],
15 silly audit   summary: [ '2.1.0' ],
15 silly audit   superagent: [ '10.2.3' ],
15 silly audit   'supports-preserve-symlinks-flag': [ '1.0.0' ],
15 silly audit   'syntax-error': [ '1.4.0' ],
15 silly audit   tachyons: [ '4.12.0' ],
15 silly audit   terser: [ '4.8.1' ],
15 silly audit   through: [ '2.3.8' ],
15 silly audit   'timers-browserify': [ '1.4.2' ],
15 silly audit   timestring: [ '6.0.0' ],
15 silly audit   tmp: [ '0.0.33' ],
15 silly audit   'to-buffer': [ '1.2.2' ],
15 silly audit   'to-readable-stream': [ '1.0.0' ],
15 silly audit   'toggle-selection': [ '1.0.6' ],
15 silly audit   toidentifier: [ '1.0.1' ],
15 silly audit   tr46: [ '0.0.3' ],
15 silly audit   'transform-ast': [ '2.4.4' ],
15 silly audit   'tree-kill': [ '1.2.2' ],
15 silly audit   'ts-mixer': [ '6.0.4' ],
15 silly audit   ttest: [ '3.0.0' ],
15 silly audit   'tty-browserify': [ '0.0.1' ],
15 silly audit   'tunnel-agent': [ '0.6.0' ],
15 silly audit   'turbo-json-parse': [ '2.3.0' ],
15 silly audit   tweetnacl: [ '0.14.5' ],
15 silly audit   type: [ '2.7.3' ],
15 silly audit   'type-check': [ '0.3.2' ],
15 silly audit   'type-component': [ '0.0.1' ],
15 silly audit   'type-fest': [ '0.20.2' ],
15 silly audit   'typed-array-buffer': [ '1.0.3' ],
15 silly audit   typedarray: [ '0.0.6' ],
15 silly audit   'typedarray-pool': [ '1.2.0' ],
15 silly audit   'typedarray-to-buffer': [ '3.1.5' ],
15 silly audit   umd: [ '3.0.3' ],
15 silly audit   'undeclared-identifiers': [ '1.1.3' ],
15 silly audit   undici: [ '6.21.3' ],
15 silly audit   'undici-types': [ '7.16.0' ],
15 silly audit   uniq: [ '1.0.1' ],
15 silly audit   'unique-string': [ '2.0.0' ],
15 silly audit   'update-notifier': [ '5.1.0' ],
15 silly audit   'upper-case': [ '1.1.3' ],
15 silly audit   'uri-js': [ '4.4.1' ],
15 silly audit   url: [ '0.11.4' ],
15 silly audit   'url-parse': [ '1.5.10' ],
15 silly audit   'url-parse-lax': [ '3.0.0' ],
15 silly audit   'util-deprecate': [ '1.0.2' ],
15 silly audit   'util-extend': [ '1.0.3' ],
15 silly audit   'uuid-parse': [ '1.1.0' ],
15 silly audit   verror: [ '1.10.0' ],
15 silly audit   'vm-browserify': [ '1.1.2' ],
15 silly audit   wcwidth: [ '1.0.1' ],
15 silly audit   webfontloader: [ '1.6.28' ],
15 silly audit   'webidl-conversions': [ '3.0.1' ],
15 silly audit   'whatwg-url': [ '5.0.0' ],
15 silly audit   which: [ '2.0.2' ],
15 silly audit   'which-module': [ '2.0.1' ],
15 silly audit   'which-typed-array': [ '1.1.19' ],
15 silly audit   'widest-line': [ '3.1.0' ],
15 silly audit   'windows-release': [ '4.0.0' ],
15 silly audit   'word-wrap': [ '1.2.5' ],
15 silly audit   wrappy: [ '1.0.2' ],
15 silly audit   'write-file-atomic': [ '3.0.3' ],
15 silly audit   ws: [ '8.18.3' ],
15 silly audit   'xdg-basedir': [ '4.0.0' ],
15 silly audit   xtend: [ '4.0.2' ],
15 silly audit   y18n: [ '4.0.3' ]
15 silly audit }
16 http fetch POST 200 https://registry.npmjs.org/-/npm/v1/security/advisories/bulk 897ms
17 silly audit report {
17 silly audit report   'd3-color': [
17 silly audit report     {
17 silly audit report       id: 1088594,
17 silly audit report       url: 'https://github.com/advisories/GHSA-36jr-mh4h-2g58',
17 silly audit report       title: 'd3-color vulnerable to ReDoS',
17 silly audit report       severity: 'high',
17 silly audit report       vulnerable_versions: '<3.1.0',
17 silly audit report       cwe: [Array],
17 silly audit report       cvss: [Object]
17 silly audit report     }
17 silly audit report   ],
17 silly audit report   'form-data': [
17 silly audit report     {
17 silly audit report       id: 1109540,
17 silly audit report       url: 'https://github.com/advisories/GHSA-fjxv-7rqg-78g4',
17 silly audit report       title: 'form-data uses unsafe random function in form-data for choosing boundary',
17 silly audit report       severity: 'critical',
17 silly audit report       vulnerable_versions: '<2.5.4',
17 silly audit report       cwe: [Array],
17 silly audit report       cvss: [Object]
17 silly audit report     }
17 silly audit report   ],
17 silly audit report   got: [
17 silly audit report     {
17 silly audit report       id: 1088948,
17 silly audit report       url: 'https://github.com/advisories/GHSA-pfrx-2q88-qq97',
17 silly audit report       title: 'Got allows a redirect to a UNIX socket',
17 silly audit report       severity: 'moderate',
17 silly audit report       vulnerable_versions: '<11.8.5',
17 silly audit report       cwe: [],
17 silly audit report       cvss: [Object]
17 silly audit report     }
17 silly audit report   ],
17 silly audit report   request: [
17 silly audit report     {
17 silly audit report       id: 1096727,
17 silly audit report       url: 'https://github.com/advisories/GHSA-p8p7-x288-28g6',
17 silly audit report       title: 'Server-Side Request Forgery in Request',
17 silly audit report       severity: 'moderate',
17 silly audit report       vulnerable_versions: '<=2.88.2',
17 silly audit report       cwe: [Array],
17 silly audit report       cvss: [Object]
17 silly audit report     }
17 silly audit report   ],
17 silly audit report   'tough-cookie': [
17 silly audit report     {
17 silly audit report       id: 1097682,
17 silly audit report       url: 'https://github.com/advisories/GHSA-72xf-g2v4-qvf3',
17 silly audit report       title: 'tough-cookie Prototype Pollution vulnerability',
17 silly audit report       severity: 'moderate',
17 silly audit report       vulnerable_versions: '<4.1.3',
17 silly audit report       cwe: [Array],
17 silly audit report       cvss: [Object]
17 silly audit report     }
17 silly audit report   ],
17 silly audit report   tmp: [
17 silly audit report     {
17 silly audit report       id: 1109537,
17 silly audit report       url: 'https://github.com/advisories/GHSA-52f5-9888-hmc6',
17 silly audit report       title: 'tmp allows arbitrary temporary file / directory write via symbolic link `dir` parameter',
17 silly audit report       severity: 'low',
17 silly audit report       vulnerable_versions: '<=0.2.3',
17 silly audit report       cwe: [Array],
17 silly audit report       cvss: [Object]
17 silly audit report     }
17 silly audit report   ]
17 silly audit report }
18 silly packumentCache corgi:https://registry.npmjs.org/d3-color cache-miss
19 silly packumentCache corgi:https://registry.npmjs.org/form-data cache-miss
20 silly packumentCache corgi:https://registry.npmjs.org/got cache-miss
21 silly packumentCache corgi:https://registry.npmjs.org/request cache-miss
22 silly packumentCache corgi:https://registry.npmjs.org/tough-cookie cache-miss
23 silly packumentCache corgi:https://registry.npmjs.org/tmp cache-miss
24 http cache https://registry.npmjs.org/form-data 46ms (cache hit)
25 silly packumentCache corgi:https://registry.npmjs.org/form-data set size:51426 disposed:false
26 http cache https://registry.npmjs.org/d3-color 52ms (cache hit)
27 silly packumentCache corgi:https://registry.npmjs.org/d3-color set size:43268 disposed:false
28 http cache https://registry.npmjs.org/tmp 50ms (cache hit)
29 silly packumentCache corgi:https://registry.npmjs.org/tmp set size:23979 disposed:false
30 http cache https://registry.npmjs.org/tough-cookie 53ms (cache hit)
31 silly packumentCache corgi:https://registry.npmjs.org/tough-cookie set size:55049 disposed:false
32 http cache https://registry.npmjs.org/got 58ms (cache hit)
33 silly packumentCache corgi:https://registry.npmjs.org/got set size:348273 disposed:false
34 http cache https://registry.npmjs.org/request 69ms (cache hit)
35 silly packumentCache corgi:https://registry.npmjs.org/request set size:129997 disposed:false
36 silly packumentCache corgi:https://registry.npmjs.org/@clinic%2fbubbleprof cache-miss
37 silly packumentCache corgi:https://registry.npmjs.org/d3-interpolate cache-miss
38 silly packumentCache corgi:https://registry.npmjs.org/d3-transition cache-miss
39 http cache https://registry.npmjs.org/d3-interpolate 13ms (cache hit)
40 silly packumentCache corgi:https://registry.npmjs.org/d3-interpolate set size:34444 disposed:false
41 http cache https://registry.npmjs.org/d3-transition 14ms (cache hit)
42 silly packumentCache corgi:https://registry.npmjs.org/d3-transition set size:49960 disposed:false
43 http cache https://registry.npmjs.org/@clinic%2fbubbleprof 18ms (cache hit)
44 silly packumentCache corgi:https://registry.npmjs.org/@clinic%2fbubbleprof set size:9845 disposed:false
45 silly packumentCache corgi:https://registry.npmjs.org/package-json cache-miss
46 http cache https://registry.npmjs.org/package-json 6ms (cache hit)
47 silly packumentCache corgi:https://registry.npmjs.org/package-json set size:33596 disposed:false
48 silly packumentCache corgi:https://registry.npmjs.org/insight cache-miss
49 http cache https://registry.npmjs.org/insight 9ms (cache hit)
50 silly packumentCache corgi:https://registry.npmjs.org/insight set size:26698 disposed:false
51 silly packumentCache corgi:https://registry.npmjs.org/external-editor cache-miss
52 http cache https://registry.npmjs.org/external-editor 7ms (cache hit)
53 silly packumentCache corgi:https://registry.npmjs.org/external-editor set size:17808 disposed:false
54 silly packumentCache corgi:https://registry.npmjs.org/d3-scale cache-miss
55 silly packumentCache corgi:https://registry.npmjs.org/d3-zoom cache-miss
56 http cache https://registry.npmjs.org/d3-scale 14ms (cache hit)
57 silly packumentCache corgi:https://registry.npmjs.org/d3-scale set size:61614 disposed:false
58 http cache https://registry.npmjs.org/d3-zoom 17ms (cache hit)
59 silly packumentCache corgi:https://registry.npmjs.org/d3-zoom set size:33967 disposed:false
60 silly packumentCache corgi:https://registry.npmjs.org/clinic cache-miss
61 http cache https://registry.npmjs.org/clinic 6ms (cache hit)
62 silly packumentCache corgi:https://registry.npmjs.org/clinic set size:112902 disposed:false
63 silly packumentCache corgi:https://registry.npmjs.org/latest-version cache-miss
64 http cache https://registry.npmjs.org/latest-version 8ms (cache hit)
65 silly packumentCache corgi:https://registry.npmjs.org/latest-version set size:15360 disposed:false
66 silly packumentCache corgi:https://registry.npmjs.org/inquirer cache-miss
67 http cache https://registry.npmjs.org/inquirer 6ms (cache hit)
68 silly packumentCache corgi:https://registry.npmjs.org/inquirer set size:250721 disposed:false
69 silly packumentCache corgi:https://registry.npmjs.org/d3-fg cache-miss
70 http cache https://registry.npmjs.org/d3-fg 5ms (cache hit)
71 silly packumentCache corgi:https://registry.npmjs.org/d3-fg set size:50565 disposed:false
72 silly packumentCache corgi:https://registry.npmjs.org/update-notifier cache-miss
73 http cache https://registry.npmjs.org/update-notifier 5ms (cache hit)
74 silly packumentCache corgi:https://registry.npmjs.org/update-notifier set size:56608 disposed:false
75 silly packumentCache corgi:https://registry.npmjs.org/@clinic%2fflame cache-miss
76 silly packumentCache corgi:https://registry.npmjs.org/@clinic%2fheap-profiler cache-miss
77 silly packumentCache corgi:https://registry.npmjs.org/0x cache-miss
78 http cache https://registry.npmjs.org/@clinic%2fheap-profiler 11ms (cache hit)
79 silly packumentCache corgi:https://registry.npmjs.org/@clinic%2fheap-profiler set size:12467 disposed:false
80 http cache https://registry.npmjs.org/@clinic%2fflame 13ms (cache hit)
81 silly packumentCache corgi:https://registry.npmjs.org/@clinic%2fflame set size:15111 disposed:false
82 http cache https://registry.npmjs.org/0x 13ms (cache hit)
83 silly packumentCache corgi:https://registry.npmjs.org/0x set size:178868 disposed:false
84 verbose cwd /home/container
85 verbose os Linux 6.8.12-4-pve
86 verbose node v20.19.6
87 verbose npm  v11.6.4
88 verbose exit 0
89 info ok
